Traceback (most recent call last):
  File "/home/lwh/genacc/lsh_attn/benchmark_quest.py", line 48, in <module>
    attn(hidden_states, use_cache=True, iController=iController)
  File "/home/lwh/miniconda3/envs/omniquant/lib/python3.10/site-packages/torch/nn/modules/module.py", line 1511, in _wrapped_call_impl
    return self._call_impl(*args, **kwargs)
  File "/home/lwh/miniconda3/envs/omniquant/lib/python3.10/site-packages/torch/nn/modules/module.py", line 1520, in _call_impl
    return forward_call(*args, **kwargs)
  File "/home/lwh/Quest/quest/quest/models/QuestAttention.py", line 129, in forward
    attn_output = decode_sparse_attn(
  File "/home/lwh/Quest/quest/quest/utils/__init__.py", line 265, in decode_sparse_attn
    iController._decode_handler.forward(
  File "/home/lwh/Quest/quest/quest/utils/decode_wrapper.py", line 72, in forward
    self._wrapper.forward(
TypeError: forward(): incompatible function arguments. The following argument types are supported:
    1. (self: quest.quest._kernels.BatchDecodeWithPagedKVCachePyTorchWrapper, arg0: torch.Tensor, arg1: torch.Tensor, arg2: torch.Tensor, arg3: torch.Tensor, arg4: torch.Tensor, arg5: int, arg6: int, arg7: float, arg8: float) -> None

Invoked with: <quest.quest._kernels.BatchDecodeWithPagedKVCachePyTorchWrapper object at 0x7f3d54c4b030>, tensor([[[-0.1924,  0.5415, -0.3206,  ...,  0.2566,  0.1147, -0.1672],
         [-0.4490,  0.3269, -0.0242,  ..., -0.3511,  0.7642, -0.1859],
         [ 0.0519, -1.0615, -0.3423,  ..., -0.2281,  0.6646, -0.3057],
         ...,
         [ 0.1272,  0.3882, -0.5952,  ...,  0.0190,  0.1017,  0.5757],
         [ 0.2310,  0.0762, -0.0267,  ...,  0.2252, -0.2406, -0.4099],
         [-0.3369, -0.5537,  0.4187,  ..., -0.0392,  0.2156, -0.3362]]],
       device='cuda:0', dtype=torch.float16, grad_fn=<ViewBackward0>), tensor([[[0., 0., 0.,  ..., 0., 0., 0.],
         [0., 0., 0.,  ..., 0., 0., 0.],
         [0., 0., 0.,  ..., 0., 0., 0.],
         ...,
         [0., 0., 0.,  ..., 0., 0., 0.],
         [0., 0., 0.,  ..., 0., 0., 0.],
         [0., 0., 0.,  ..., 0., 0., 0.]]], device='cuda:0',
       dtype=torch.float16), tensor([[[[[ 9.2651e-02, -3.0420e-01, -9.9487e-03,  ...,  2.3425e-01,
             2.3389e-01,  2.5562e-01],
           [-3.3350e-01, -2.0740e-01,  4.1260e-01,  ..., -1.7761e-01,
            -4.3213e-02, -3.2324e-01],
           [-2.0190e-01,  8.2886e-02, -6.5576e-01,  ..., -2.1045e-01,
             3.4521e-01, -3.2959e-01],
           ...,
           [-4.6326e-02, -1.5051e-01,  2.7051e-01,  ...,  2.7466e-01,
             5.8496e-01,  5.1025e-01],
           [ 1.6516e-01, -6.0352e-01, -1.5540e-01,  ..., -8.4961e-02,
            -6.6992e-01, -3.6743e-01],
           [ 1.4636e-01, -4.1455e-01, -1.5881e-01,  ..., -1.9946e-01,
             1.4270e-01, -2.0215e-01]],

          [[-1.6455e-01, -3.6084e-01,  3.6890e-01,  ...,  1.6638e-01,
             3.6719e-01, -8.5571e-02],
           [-4.3237e-01,  4.1650e-01, -1.8018e-01,  ..., -4.1321e-02,
            -8.8867e-02,  2.2217e-01],
           [-1.1060e-01,  1.1993e-02,  3.5889e-01,  ..., -2.5604e-02,
             2.5610e-01, -6.5186e-02],
           ...,
           [ 7.2571e-02, -1.5808e-01,  5.6738e-01,  ...,  1.6565e-01,
             8.6182e-01,  1.5503e-01],
           [ 3.8428e-01, -6.5125e-02, -2.6465e-01,  ...,  8.7891e-03,
            -2.1448e-01, -2.0203e-01],
           [ 6.2042e-02, -3.9722e-01,  5.9113e-02,  ...,  1.6882e-01,
             3.4717e-01, -3.8623e-01]],

          [[-5.6982e-01, -2.7393e-01,  2.5730e-03,  ...,  1.4734e-01,
             2.4048e-01,  1.6748e-01],
           [-6.6455e-01,  5.3809e-01, -4.4556e-01,  ...,  6.0913e-02,
            -1.0706e-01,  3.1519e-01],
           [-3.7378e-01, -3.2520e-01,  1.6321e-01,  ..., -1.5515e-01,
             2.6318e-01,  4.0550e-03],
           ...,
           [ 2.3804e-01, -5.4883e-01,  2.4158e-01,  ...,  3.8135e-01,
             4.8291e-01,  3.3447e-01],
           [ 2.7637e-01,  6.8909e-02, -5.8441e-02,  ...,  1.7029e-01,
            -4.7778e-01, -2.3804e-01],
           [ 7.8491e-02, -3.2056e-01, -3.9520e-02,  ..., -1.0223e-01,
             3.9624e-01, -2.5024e-01]],

          ...,

          [[-3.3478e-02, -1.5454e-01,  7.7515e-02,  ...,  4.7559e-01,
             3.7061e-01,  2.2180e-01],
           [-6.5332e-01,  1.4448e-04,  1.6663e-01,  ..., -1.2488e-01,
             8.0566e-02, -2.9343e-02],
           [ 8.7830e-02,  1.1499e-01,  2.0642e-01,  ...,  1.0876e-01,
            -7.2754e-02,  1.6833e-01],
           ...,
           [-1.4697e-01,  5.3906e-01, -4.1138e-01,  ..., -8.5266e-02,
             3.9209e-01,  2.9565e-01],
           [ 2.3499e-01,  5.5161e-03,  1.8884e-01,  ...,  4.0649e-01,
            -3.6133e-02, -8.3398e-01],
           [-2.6538e-01,  1.3989e-01,  1.2781e-01,  ..., -1.8253e-03,
             3.3130e-01, -2.0227e-01]],

          [[-5.4492e-01, -2.9370e-01, -2.5830e-01,  ...,  1.8250e-01,
             1.9348e-01,  3.3234e-02],
           [-5.2246e-01, -2.1350e-01,  4.7778e-01,  ..., -2.4200e-02,
             2.4780e-01,  2.7612e-01],
           [-4.9878e-01,  3.8745e-01,  1.2390e-01,  ..., -9.6436e-02,
             2.5977e-01, -1.0541e-01],
           ...,
           [ 8.2458e-02,  2.4341e-01, -4.2236e-01,  ...,  1.5491e-01,
             5.6201e-01,  1.4905e-01],
           [ 4.6338e-01, -2.7246e-01, -8.2275e-02,  ...,  1.4648e-01,
            -2.3535e-01,  5.4047e-02],
           [-1.7444e-01, -1.1194e-01,  1.1572e-01,  ..., -3.4326e-01,
             1.7029e-01, -4.5288e-01]],

          [[-7.7930e-01, -1.8604e-01, -2.4002e-02,  ..., -5.5298e-02,
             3.1421e-01, -1.8604e-01],
           [-3.0792e-02,  4.4604e-01,  7.3291e-01,  ..., -1.9177e-01,
             4.3066e-01,  4.0222e-02],
           [-5.9326e-02,  2.5977e-01, -2.9077e-01,  ...,  1.5515e-01,
             1.9446e-01,  1.1377e-01],
           ...,
           [ 1.3049e-01, -4.8096e-01, -4.3433e-01,  ..., -2.5952e-01,
             7.1533e-01,  1.1121e-01],
           [ 1.8555e-01, -9.9243e-02, -1.3762e-03,  ..., -4.5471e-03,
            -1.1041e-01, -4.1895e-01],
           [ 2.6172e-01, -2.8152e-02, -1.5234e-01,  ...,  2.4628e-02,
             8.8525e-01, -2.2461e-01]]],


         [[[ 7.6111e-02,  4.6606e-01,  8.2031e-02,  ...,  8.0032e-03,
            -1.0681e-01, -1.4941e-01],
           [-2.6782e-01, -3.2422e-01, -4.2432e-01,  ..., -9.2957e-02,
             2.0740e-01,  2.4976e-01],
           [-9.7717e-02, -3.0981e-01, -9.1248e-02,  ...,  1.8274e-01,
            -3.2300e-01,  4.6425e-03],
           ...,
           [-2.8589e-01, -5.2979e-01, -2.1570e-01,  ..., -1.1035e-01,
            -1.8274e-01,  2.4460e-02],
           [ 2.9883e-01, -1.6809e-01, -3.2104e-01,  ..., -4.1211e-01,
            -6.9189e-01,  2.8589e-01],
           [ 4.1901e-02, -3.5107e-01,  2.7710e-01,  ..., -5.1416e-01,
            -5.3760e-01, -2.8809e-01]],

          [[ 1.3870e-02,  5.9082e-01,  3.8086e-01,  ..., -3.4839e-01,
             1.6333e-01, -3.8159e-01],
           [-1.6919e-01, -1.3806e-01,  1.3123e-01,  ...,  3.0411e-02,
             1.6724e-01,  2.9443e-01],
           [-2.8101e-01, -4.5703e-01, -4.7241e-01,  ...,  4.2627e-01,
            -9.7412e-02, -4.1290e-02],
           ...,
           [-5.6396e-01, -4.0186e-01, -2.4304e-01,  ..., -3.1616e-02,
            -1.7929e-02,  2.6199e-02],
           [ 4.3457e-01, -2.2400e-01, -2.7051e-01,  ..., -3.4058e-01,
            -5.7178e-01, -1.9775e-01],
           [ 3.6377e-01, -4.4824e-01, -3.5400e-02,  ..., -5.9717e-01,
            -1.2524e-01, -2.4280e-01]],

          [[-1.0352e-01,  3.6572e-01,  4.1528e-01,  ..., -7.1655e-02,
             2.9129e-02, -1.2337e-02],
           [-4.0802e-02, -4.7583e-01, -1.8420e-01,  ...,  1.3989e-01,
             1.5808e-01,  3.1323e-01],
           [ 1.9641e-01, -2.9980e-01, -9.7290e-02,  ...,  4.4678e-01,
            -6.2793e-01, -3.3508e-02],
           ...,
           [-3.0151e-01, -6.4502e-01, -2.7930e-01,  ..., -3.9771e-01,
            -4.6313e-01,  3.3179e-01],
           [ 4.3555e-01, -2.3633e-01, -6.3843e-02,  ..., -2.9321e-01,
            -4.7803e-01,  4.6295e-02],
           [ 2.8223e-01, -4.7705e-01,  1.6174e-01,  ..., -4.2188e-01,
            -2.0544e-01, -1.0376e-01]],

          ...,

          [[-2.4704e-02,  7.7734e-01,  2.4133e-01,  ..., -1.0193e-01,
             2.4734e-02, -4.6533e-01],
           [-1.2939e-01, -5.2344e-01,  2.0691e-02,  ..., -3.5327e-01,
             3.8672e-01,  1.8701e-01],
           [-1.8420e-01, -3.2983e-01, -3.5059e-01,  ...,  5.5908e-01,
            -6.0693e-01, -1.5027e-01],
           ...,
           [-2.2754e-01, -7.4951e-01, -4.1846e-01,  ..., -2.5293e-01,
            -9.3811e-02, -1.0565e-01],
           [-9.6703e-04, -2.9785e-01,  1.3672e-01,  ..., -3.6987e-01,
            -6.5967e-01,  1.8481e-01],
           [ 3.9551e-01, -6.6211e-01,  1.3794e-01,  ..., -5.8319e-02,
            -2.4426e-01,  1.8677e-02]],

          [[ 5.1636e-02,  5.0098e-01,  3.8574e-02,  ..., -5.6152e-01,
             1.3293e-01, -4.7119e-01],
           [-1.6492e-01, -2.4878e-01,  1.7261e-01,  ...,  4.0375e-02,
             3.1982e-01,  2.9761e-01],
           [-3.2544e-01, -5.0488e-01, -2.8442e-01,  ...,  3.1885e-01,
            -5.4443e-01,  5.4749e-02],
           ...,
           [-6.3818e-01, -5.9277e-01, -7.4902e-01,  ..., -1.1835e-01,
             1.1346e-01,  3.5986e-01],
           [ 2.5195e-01, -3.6304e-01, -1.7627e-01,  ..., -5.0415e-02,
            -6.8604e-01, -1.2134e-01],
           [ 2.5684e-01, -4.3774e-01,  3.2642e-01,  ..., -4.0967e-01,
            -2.7856e-01, -1.4111e-01]],

          [[-1.5088e-01,  5.1611e-01,  5.3345e-02,  ...,  1.5271e-01,
            -8.3237e-03, -2.2803e-01],
           [-3.3173e-02, -2.0798e-02,  8.9645e-03,  ..., -1.0217e-01,
            -2.4948e-02,  4.4873e-01],
           [-1.0968e-01, -5.4492e-01, -1.2527e-02,  ...,  4.8779e-01,
            -4.3701e-01, -1.9012e-02],
           ...,
           [-5.4199e-01, -6.8994e-01, -3.1274e-01,  ...,  1.7200e-01,
            -5.1270e-01,  4.0381e-01],
           [-7.3914e-02, -3.3569e-01, -5.1611e-01,  ..., -6.1426e-01,
            -5.8057e-01,  3.0884e-01],
           [ 8.8257e-02, -4.2651e-01,  4.0497e-02,  ..., -5.0146e-01,
            -6.2842e-01, -4.3677e-01]]]],



        [[[[-3.6011e-01,  5.1880e-02,  3.4821e-02,  ...,  4.1113e-01,
             2.4805e-01,  9.1553e-02],
           [ 3.8599e-01,  2.7490e-01,  5.8252e-01,  ..., -2.7026e-01,
             2.8296e-01, -1.4587e-01],
           [-2.9517e-01,  8.8135e-02, -5.6348e-01,  ..., -1.5283e-01,
             2.4426e-01, -7.9651e-02],
           ...,
           [ 2.1350e-01, -5.5811e-01,  2.7759e-01,  ..., -6.2073e-02,
             5.7959e-01,  2.7344e-01],
           [-2.9321e-01, -3.8354e-01, -8.7524e-02,  ...,  8.3008e-02,
            -5.1123e-01, -2.2595e-01],
           [-1.6693e-02, -2.4646e-01, -5.0201e-02,  ...,  5.0568e-02,
             6.0010e-01, -2.7002e-01]],

          [[ 3.8037e-01, -8.7738e-03,  1.3818e-01,  ...,  4.2139e-01,
             4.6362e-01, -2.6123e-01],
           [ 5.1367e-01,  5.2795e-02, -2.0218e-02,  ..., -4.2993e-01,
            -5.7678e-02,  3.2788e-01],
           [ 6.3858e-03, -2.9102e-01, -6.8115e-02,  ..., -2.8882e-01,
             2.4622e-01, -5.7556e-02],
           ...,
           [ 2.1591e-02, -2.1619e-01,  4.8779e-01,  ...,  1.0828e-01,
             5.5322e-01,  1.8628e-01],
           [-6.3281e-01, -1.5587e-02, -3.4546e-01,  ..., -3.0933e-01,
            -3.9551e-01, -2.6514e-01],
           [ 2.9205e-02, -1.1591e-01, -1.5344e-01,  ..., -1.6711e-01,
             3.7720e-01, -3.1372e-02]],

          [[ 6.4160e-01,  5.2832e-01,  1.9983e-01,  ...,  3.4399e-01,
            -3.9093e-02, -8.8806e-02],
           [ 2.4048e-01,  3.3179e-01, -1.8958e-01,  ..., -3.6523e-01,
             2.5757e-01,  7.5745e-02],
           [-4.8584e-02,  1.5869e-01,  1.4026e-01,  ..., -9.8511e-02,
             4.1162e-01,  9.1064e-02],
           ...,
           [-2.2131e-01,  7.4707e-02,  3.7207e-01,  ...,  5.8899e-03,
             4.2456e-01,  1.4160e-01],
           [-3.9526e-01,  2.2620e-01,  9.8877e-03,  ...,  1.0779e-01,
            -3.8452e-02, -4.9976e-01],
           [-1.3306e-01,  3.4351e-01,  2.5830e-01,  ..., -6.1371e-02,
             4.7144e-01, -4.3115e-01]],

          ...,

          [[-6.5552e-02, -2.6636e-01,  6.8481e-02,  ...,  4.3335e-01,
             4.5142e-01,  1.9739e-01],
           [ 2.0056e-01, -6.6345e-02, -3.9966e-01,  ..., -2.3169e-01,
             7.3128e-03, -4.0869e-01],
           [ 2.5122e-01,  9.2773e-02,  4.2505e-01,  ..., -1.2680e-02,
             3.2300e-01, -3.6426e-01],
           ...,
           [ 4.3427e-02,  2.9953e-02, -1.6388e-02,  ...,  2.9077e-01,
             4.8608e-01,  5.0537e-01],
           [-3.2642e-01, -3.4595e-01,  3.8257e-01,  ...,  4.8950e-02,
            -2.6660e-01, -2.4890e-01],
           [ 3.3667e-01, -3.1934e-01,  1.3969e-02,  ...,  1.4111e-01,
             3.5815e-01, -3.3838e-01]],

          [[ 7.0508e-01, -1.3672e-01, -3.5498e-01,  ...,  3.7305e-01,
             1.6443e-01,  1.3806e-01],
           [ 4.0308e-01,  2.1594e-01,  9.8755e-02,  ..., -4.0649e-01,
            -2.0312e-01, -6.3477e-02],
           [ 2.3193e-01,  8.7524e-02, -5.8685e-02,  ...,  6.9336e-02,
             1.7761e-01,  1.1346e-01],
           ...,
           [ 9.0820e-02, -6.3672e-01, -6.7432e-01,  ...,  1.9727e-01,
             2.9883e-01,  2.5928e-01],
           [-6.9922e-01, -4.4702e-01,  2.4414e-01,  ..., -1.0022e-01,
            -1.3208e-01, -3.9722e-01],
           [ 4.3549e-02, -3.6304e-01,  5.8784e-03,  ..., -1.1639e-01,
             7.3425e-02,  4.7272e-02]],

          [[ 5.9668e-01,  1.9458e-01,  1.1520e-02,  ...,  4.0558e-02,
            -3.1033e-03, -1.4465e-01],
           [ 3.8306e-01,  2.7393e-01,  5.7031e-01,  ..., -2.8296e-01,
             1.8726e-01,  1.3953e-01],
           [ 1.9592e-01, -4.4629e-01,  1.3611e-01,  ..., -6.0516e-02,
            -7.2388e-02, -2.3486e-01],
           ...,
           [-1.7834e-01, -8.0762e-01, -5.4248e-01,  ...,  1.0272e-01,
             6.7090e-01,  2.8857e-01],
           [ 6.0005e-03,  7.1106e-02, -1.3672e-01,  ...,  1.4038e-01,
            -4.3628e-01, -5.2295e-01],
           [-1.6052e-01, -1.7883e-01,  1.4905e-01,  ..., -4.5715e-02,
             4.9780e-01, -3.0200e-01]]],


         [[[-1.0992e-01,  4.1064e-01,  1.5479e-01,  ..., -1.8420e-01,
            -1.1371e-01,  1.6159e-02],
           [-1.3599e-01, -4.5044e-01,  2.0447e-01,  ...,  2.3328e-01,
             9.8938e-02,  4.6875e-01],
           [-1.1375e-02, -9.7595e-02, -3.1128e-01,  ...,  2.8564e-01,
            -5.0244e-01,  7.0007e-02],
           ...,
           [-3.8208e-01, -5.0537e-01, -4.7583e-01,  ..., -2.0542e-03,
            -4.0405e-01,  1.4209e-01],
           [ 1.5222e-01, -1.6614e-01, -7.3608e-02,  ..., -4.4327e-03,
            -5.3271e-01,  3.3936e-01],
           [ 2.3425e-01, -6.3281e-01,  4.3774e-01,  ..., -3.4155e-01,
            -4.5850e-01, -5.1758e-01]],

          [[ 3.5254e-01,  8.8135e-01, -1.3965e-01,  ..., -2.3267e-01,
            -1.3512e-02, -3.4375e-01],
           [-1.9373e-01, -3.7671e-01, -6.6040e-02,  ..., -4.5380e-02,
             3.1494e-01,  2.0593e-01],
           [ 3.5156e-01, -2.9346e-01, -4.4849e-01,  ...,  3.4570e-01,
            -2.5366e-01, -1.6296e-02],
           ...,
           [-1.3281e-01, -7.2559e-01, -4.6045e-01,  ..., -1.1072e-01,
            -1.2103e-01,  4.0796e-01],
           [ 2.8149e-01, -1.1298e-01, -1.3892e-01,  ..., -1.6870e-01,
            -7.1973e-01,  1.0492e-01],
           [ 3.0273e-01, -5.6250e-01,  1.3159e-01,  ..., -3.0615e-01,
            -2.1460e-01, -3.1494e-01]],

          [[ 1.9788e-01,  8.3008e-01,  5.7617e-01,  ...,  7.2250e-03,
             1.4233e-01, -6.9946e-02],
           [-8.0200e-02, -2.2278e-01,  2.9370e-01,  ..., -2.7271e-01,
             4.1260e-01,  3.6963e-01],
           [ 5.2063e-02, -4.4189e-01, -1.0547e-01,  ...,  1.3623e-01,
            -1.7798e-01, -5.5176e-02],
           ...,
           [-5.1611e-01, -1.0312e+00, -4.8926e-01,  ...,  1.8140e-01,
             3.8177e-02,  3.9258e-01],
           [ 1.6125e-01, -4.8511e-01, -8.0139e-02,  ..., -6.6113e-01,
            -5.3516e-01,  2.7148e-01],
           [ 1.1072e-01, -7.0654e-01, -1.1707e-01,  ..., -4.1528e-01,
            -3.3789e-01, -6.1475e-01]],

          ...,

          [[-1.3135e-01,  7.9932e-01,  9.7046e-03,  ...,  4.9011e-02,
            -2.2107e-01, -3.0859e-01],
           [-3.1128e-01, -7.4561e-01,  2.1436e-01,  ..., -1.0571e-01,
             1.6418e-01,  4.4360e-01],
           [-4.8218e-03, -5.2002e-01, -1.6760e-01,  ...,  2.9224e-01,
            -1.4709e-01,  1.1841e-01],
           ...,
           [-3.8013e-01, -5.5322e-01, -6.5234e-01,  ..., -3.6401e-01,
            -2.9248e-01,  2.0569e-01],
           [ 3.0273e-01, -3.8232e-01, -1.9092e-01,  ..., -2.2266e-01,
            -4.8389e-01,  2.4866e-01],
           [ 1.6138e-01, -1.0199e-01,  2.2107e-01,  ..., -3.4399e-01,
            -4.1870e-01,  9.6436e-02]],

          [[-6.8481e-02,  6.1768e-01,  1.0785e-01,  ..., -3.5059e-01,
             3.3325e-02, -2.8516e-01],
           [ 7.0557e-02, -5.1953e-01,  2.1826e-01,  ...,  2.1765e-01,
             3.0908e-01,  6.5332e-01],
           [-8.8196e-02, -6.3184e-01, -2.7881e-01,  ...,  5.9265e-02,
            -1.1267e-01, -5.9814e-02],
           ...,
           [-3.1641e-01, -6.8994e-01, -4.3408e-01,  ...,  7.6721e-02,
            -1.2134e-01,  4.4800e-01],
           [ 4.8120e-01, -1.2854e-01, -2.8857e-01,  ..., -5.0049e-01,
            -6.7334e-01, -1.1957e-01],
           [-1.9397e-01, -2.0557e-01,  2.0227e-01,  ..., -6.3135e-01,
            -3.1689e-01, -2.9712e-01]],

          [[-5.7831e-02,  7.5488e-01, -7.9422e-03,  ...,  1.5027e-01,
            -4.4373e-02, -3.0127e-01],
           [-1.8542e-01, -3.3154e-01, -9.0942e-02,  ...,  4.2572e-02,
             2.9492e-01,  2.8369e-01],
           [-4.5532e-01, -5.7666e-01, -7.2144e-02,  ...,  1.2756e-01,
            -6.3428e-01, -2.9858e-01],
           ...,
           [-5.4541e-01, -9.4775e-01, -6.2061e-01,  ...,  3.0566e-01,
            -1.4893e-01,  2.4561e-01],
           [ 2.6855e-01, -3.6694e-01, -1.5088e-01,  ..., -5.9033e-01,
            -7.6367e-01, -1.4124e-01],
           [ 3.2544e-01, -7.3828e-01,  1.2250e-01,  ..., -4.8608e-01,
            -2.3279e-01, -1.4221e-01]]]],



        [[[[-2.2690e-02, -8.1329e-03, -1.2390e-01,  ...,  4.6484e-01,
             1.0785e-01,  2.8418e-01],
           [-3.9380e-01,  2.4829e-01,  5.8838e-01,  ..., -2.8516e-01,
             2.7542e-02,  3.1152e-01],
           [-8.2336e-02, -4.8950e-01, -4.2944e-01,  ..., -1.2421e-01,
            -1.5060e-02, -2.4011e-01],
           ...,
           [-3.2257e-02, -1.0406e-01, -7.5195e-02,  ...,  4.3115e-01,
             1.4282e-01,  4.3896e-01],
           [ 1.6431e-01,  3.6011e-01, -1.2610e-01,  ...,  1.7834e-01,
            -2.3975e-01, -2.6392e-01],
           [ 1.4008e-02,  2.9395e-01, -9.3079e-02,  ..., -5.0964e-02,
             3.1665e-01, -2.6172e-01]],

          [[-4.7534e-01,  4.8169e-01, -1.0628e-02,  ...,  3.3716e-01,
             7.1106e-02,  4.7798e-03],
           [-1.2524e-01,  4.2358e-02,  3.6304e-01,  ..., -1.0999e-01,
            -5.4283e-03, -1.9409e-01],
           [-1.6980e-01,  2.2131e-01, -4.2633e-02,  ..., -2.1814e-01,
             4.1235e-01, -2.2412e-01],
           ...,
           [-2.1802e-01,  4.8706e-01,  2.1347e-02,  ...,  4.3848e-01,
             6.3330e-01,  1.1786e-01],
           [ 4.1016e-01,  2.5854e-01, -4.7722e-03,  ..., -1.4893e-01,
            -1.4026e-01, -2.3438e-01],
           [-2.6025e-01,  4.6777e-01,  4.0991e-01,  ..., -2.1704e-01,
             1.4209e-01, -2.8549e-02]],

          [[-4.9072e-01,  8.8562e-02,  2.3950e-01,  ...,  3.9307e-01,
             2.5537e-01,  2.7490e-01],
           [-1.9519e-01, -3.2642e-01, -1.4087e-01,  ..., -1.2372e-01,
             2.5464e-01, -5.0934e-02],
           [-2.7881e-01,  8.4782e-04, -9.8328e-02,  ..., -3.3936e-01,
             1.2622e-01,  9.2834e-02],
           ...,
           [ 8.5083e-02,  5.0977e-01,  7.0801e-01,  ...,  9.8999e-02,
             4.9170e-01,  5.0293e-02],
           [ 1.8188e-01,  2.3413e-01, -1.5955e-01,  ..., -4.9835e-02,
            -2.8247e-01, -3.6523e-01],
           [ 2.8882e-01,  1.2457e-01,  9.7717e-02,  ..., -2.0837e-01,
             3.4595e-01,  1.1884e-01]],

          ...,

          [[-5.2979e-01, -1.1574e-02,  3.0960e-02,  ...,  2.0081e-01,
             2.8857e-01, -6.8481e-02],
           [-5.8691e-01,  3.9868e-01, -4.5557e-01,  ...,  2.0825e-01,
             5.6396e-01,  1.8225e-03],
           [ 1.7075e-02, -5.4970e-03,  1.6284e-01,  ..., -3.1299e-01,
             4.3213e-01,  4.8157e-02],
           ...,
           [ 1.8140e-01, -5.9766e-01, -1.2842e-01,  ...,  8.9188e-03,
             3.8062e-01,  2.4414e-01],
           [ 3.1689e-01, -9.6069e-02,  2.1179e-02,  ...,  5.5786e-02,
            -3.5205e-01, -2.1716e-01],
           [ 2.0337e-01, -5.5811e-01,  3.4576e-02,  ...,  1.5540e-01,
             4.2261e-01, -3.0249e-01]],

          [[-4.9463e-01,  1.2286e-01,  4.6844e-02,  ...,  8.7433e-03,
             2.9443e-01, -2.7637e-01],
           [-2.1094e-01,  3.0127e-01, -1.0040e-01,  ..., -1.0120e-01,
             4.0169e-03,  1.1053e-01],
           [-2.0593e-01, -5.8212e-03,  1.1938e-01,  ..., -3.0469e-01,
             1.5723e-01, -1.8933e-01],
           ...,
           [ 3.0319e-02, -3.2886e-01, -4.6826e-01,  ..., -4.9164e-02,
             5.9180e-01,  2.4695e-01],
           [ 3.2642e-01,  3.3203e-01,  3.0078e-01,  ..., -3.4668e-01,
            -5.1221e-01, -4.1626e-01],
           [-1.7371e-01,  3.1421e-01, -2.2278e-01,  ..., -6.8481e-02,
             1.6455e-01, -2.9346e-01]],

          [[ 1.6373e-02,  3.3887e-01, -3.7012e-01,  ...,  1.1194e-01,
             2.4548e-01, -3.7170e-02],
           [ 2.7002e-01, -1.4209e-01,  8.3862e-02,  ..., -3.0640e-01,
             1.7065e-01, -3.4760e-02],
           [-6.3744e-03, -4.3335e-01,  1.1194e-01,  ..., -1.4844e-01,
             8.6853e-02,  3.9444e-03],
           ...,
           [ 1.5552e-01, -1.2817e-01, -6.3330e-01,  ..., -2.2119e-01,
             7.5684e-01,  2.1167e-01],
           [ 3.0060e-02,  3.8208e-01,  1.0144e-01,  ..., -6.9580e-02,
            -2.9248e-01, -3.6548e-01],
           [ 3.3447e-01,  4.3970e-01,  4.0070e-02,  ...,  9.9121e-02,
             1.8225e-01, -4.7070e-01]]],


         [[[-8.0261e-02,  5.6006e-01,  8.1238e-02,  ..., -2.0532e-01,
            -1.4343e-01, -2.9614e-01],
           [-8.9788e-04, -1.0077e-01,  8.5693e-02,  ..., -1.6516e-01,
             3.4399e-01,  4.4556e-01],
           [-2.7979e-01, -2.2253e-01, -4.7437e-01,  ...,  2.1155e-01,
            -4.4824e-01, -6.7444e-02],
           ...,
           [-6.6016e-01, -6.1572e-01, -1.4929e-01,  ..., -4.4281e-02,
            -3.0249e-01,  2.3279e-01],
           [ 7.9269e-03, -2.6294e-01,  2.2571e-01,  ..., -4.8364e-01,
            -6.4160e-01,  3.9575e-01],
           [ 8.3313e-02, -2.1252e-01,  5.7373e-01,  ..., -2.6611e-01,
            -6.6846e-01, -2.0813e-01]],

          [[-1.7615e-01,  7.0117e-01, -3.8544e-02,  ..., -4.0723e-01,
            -1.3885e-02, -1.4355e-01],
           [-2.7512e-02, -3.2666e-01, -3.2349e-01,  ...,  7.9224e-02,
             8.5876e-02,  2.7563e-01],
           [-1.0608e-01, -6.8555e-01, -2.7344e-01,  ...,  2.8003e-01,
            -2.9077e-01,  5.2185e-02],
           ...,
           [-3.5181e-01, -8.4814e-01, -4.3140e-01,  ...,  1.5210e-01,
            -1.6931e-01,  7.8308e-02],
           [ 2.6660e-01, -6.6455e-01, -1.1548e-01,  ...,  1.6144e-02,
            -6.1230e-01,  2.2766e-01],
           [ 4.1650e-01, -4.5825e-01,  1.5039e-01,  ..., -3.2007e-01,
            -1.4539e-01, -6.1182e-01]],

          [[ 5.2582e-02,  6.0010e-01,  8.8135e-02,  ..., -2.1765e-01,
            -1.2964e-01, -5.5542e-02],
           [-3.4961e-01, -4.2896e-01,  2.0850e-01,  ..., -1.2360e-01,
             2.8418e-01,  3.2520e-01],
           [-4.1724e-01, -4.4336e-01, -2.7246e-01,  ...,  1.3989e-01,
            -4.7461e-01, -9.4849e-02],
           ...,
           [-7.8613e-01, -7.9004e-01, -4.3237e-01,  ...,  2.7197e-01,
            -1.4963e-03,  5.6641e-02],
           [-4.3671e-02, -4.3848e-01, -1.7810e-01,  ..., -9.6191e-02,
            -1.0537e+00,  3.4692e-01],
           [ 4.9683e-01, -3.4375e-01,  2.7319e-01,  ..., -1.0483e-02,
            -4.0552e-01, -8.4717e-02]],

          ...,

          [[ 2.8214e-02,  6.0352e-01,  2.2827e-01,  ..., -6.0352e-01,
            -1.3599e-01, -3.4595e-01],
           [-1.6406e-01, -1.0907e-01,  8.6060e-02,  ...,  1.5345e-03,
             1.2976e-01,  6.1768e-01],
           [-1.3257e-01, -7.0312e-01, -3.9771e-01,  ...,  5.5322e-01,
            -7.1875e-01, -4.6387e-02],
           ...,
           [-7.2461e-01, -4.1357e-01, -2.0972e-01,  ..., -2.2681e-01,
            -2.7856e-01,  3.1982e-01],
           [ 4.2694e-02, -1.9238e-01, -1.4551e-01,  ..., -3.7207e-01,
            -3.4814e-01,  3.0014e-02],
           [ 3.8647e-01, -2.8687e-01,  1.1584e-01,  ..., -3.3813e-01,
            -2.1179e-01, -3.9917e-01]],

          [[-2.8906e-01,  2.9761e-01, -2.7771e-02,  ..., -1.0217e-01,
            -5.7373e-02, -2.5122e-01],
           [-5.0146e-01, -3.9697e-01,  1.9116e-01,  ...,  4.4250e-02,
             4.9292e-01,  5.4883e-01],
           [-6.9397e-02, -6.5430e-01, -2.8394e-01,  ...,  2.8564e-01,
            -1.6711e-01, -9.9365e-02],
           ...,
           [-6.1377e-01, -6.2793e-01, -5.7568e-01,  ..., -1.6809e-01,
             7.5317e-02,  2.2583e-01],
           [ 2.6520e-02, -4.2358e-01, -1.1603e-01,  ..., -6.2305e-01,
            -6.6357e-01,  3.2300e-01],
           [ 1.7883e-01, -2.9761e-01, -1.2805e-01,  ..., -3.1934e-01,
            -2.4390e-01, -7.9193e-03]],

          [[-2.1561e-02,  3.5107e-01,  3.9526e-01,  ...,  1.3940e-01,
             1.9421e-01, -2.4402e-01],
           [-1.1078e-01, -2.9395e-01,  1.2793e-01,  ..., -9.2529e-02,
             2.1143e-01,  4.7827e-01],
           [ 1.6199e-01, -5.5273e-01, -3.1104e-01,  ...,  2.9199e-01,
            -5.5176e-01, -1.6040e-01],
           ...,
           [-4.9683e-01, -4.8291e-01, -6.2842e-01,  ...,  1.2793e-01,
            -1.5234e-01,  3.0176e-01],
           [ 3.2788e-01, -3.1274e-01,  9.6436e-03,  ..., -5.6006e-01,
            -6.1621e-01,  1.3635e-01],
           [ 7.2571e-02, -4.6582e-01,  2.3901e-01,  ..., -2.6318e-01,
            -1.0620e-01,  1.0876e-01]]]],



        ...,



        [[[[-1.3887e+00, -1.0859e+00, -1.2390e-02,  ...,  9.3408e-01,
             1.4819e-01,  1.1016e+00],
           [-2.5749e-05, -8.2422e-01, -6.2800e+02,  ..., -9.5264e-01,
             4.8906e+00,  9.4922e-01],
           [ 2.2827e-02,  1.0430e+00, -2.7500e+01,  ...,  9.5850e-01,
            -2.5500e+02, -1.0469e+00],
           ...,
           [-5.9082e-02,  1.0557e+00, -1.8560e+03,  ..., -9.6338e-01,
             2.6001e-02, -9.3262e-01],
           [-4.6448e-02,  1.0459e+00, -6.6400e+02,  ...,  9.9365e-01,
            -8.3923e-04, -9.9707e-01],
           [ 6.2800e+02, -1.0391e+00, -2.7550e+02,  ...,  7.3975e-01,
            -7.7200e+03,  1.0332e+00]],

          [[ 2.1875e+00,  8.7402e-01,  9.8610e-04,  ...,  1.1094e+00,
             1.9302e-03, -1.1162e+00],
           [-1.0605e+00,  1.0801e+00, -9.0560e+03,  ...,  1.0645e+00,
            -8.2000e+01, -9.2383e-01],
           [-4.2432e-01, -1.1191e+00,  1.9678e-01,  ...,  8.9844e-01,
            -4.2773e-01, -9.3848e-01],
           ...,
           [ 5.6641e-01, -9.8730e-01, -3.8981e-05,  ..., -9.6973e-01,
                    nan,  1.0479e+00],
           [-4.3750e+00, -8.7500e-01, -6.7969e-01,  ..., -9.6729e-01,
             7.7930e-01,  1.0693e+00],
           [ 9.1360e+03, -1.0303e+00,  5.6076e-04,  ..., -9.9512e-01,
             5.9570e-02,  8.4375e-01]],

          [[-3.6084e-01, -1.0469e+00,  3.3875e-02,  ...,  1.0986e+00,
             1.7812e+00, -9.8291e-01],
           [-1.2619e-02, -1.0625e+00, -7.9700e+02,  ...,  1.1055e+00,
            -1.1980e+03,  1.1016e+00],
           [ 6.9043e-01,  1.0947e+00, -1.0040e-02,  ...,  8.9355e-01,
            -5.4565e-02, -1.0215e+00],
           ...,
           [ 7.9760e+03,  1.0811e+00, -1.7212e-02,  ...,  1.0889e+00,
             1.8027e+00,  1.0879e+00],
           [-5.6250e+00,  8.5840e-01, -2.3900e+02,  ...,  1.0488e+00,
            -1.4725e-02,  1.0938e+00],
           [ 2.7466e-04,  6.8604e-01, -6.7440e+03,  ...,  9.4727e-01,
            -1.4176e+04,  9.5947e-01]],

          ...,

          [[-1.1000e+01,  8.5498e-01, -6.4392e-03,  ...,  1.0205e+00,
             5.1400e+02, -9.6533e-01],
           [ 3.3417e-03, -1.0742e+00, -3.7600e+02,  ..., -1.0039e+00,
            -1.9707e+00,  1.0537e+00],
           [ 1.1444e-02,  1.0820e+00,  4.7461e-01,  ...,  1.0479e+00,
            -2.7490e-01,  1.0459e+00],
           ...,
           [-7.2266e-02, -1.0332e+00, -3.0906e+01,  ...,  1.0957e+00,
             5.1500e+01,  8.6768e-01],
           [ 1.4416e+04,  1.0625e+00,  9.5367e-05,  ..., -1.1113e+00,
            -4.9744e-02,  1.0889e+00],
           [-2.8516e+00,  1.1055e+00,  3.1348e-01,  ...,  9.0479e-01,
            -1.7152e+04, -9.0039e-01]],

          [[ 4.5117e-01, -9.5117e-01, -1.2175e+02,  ..., -9.9951e-01,
             4.5600e+03, -1.0371e+00],
           [ 2.9875e+01,  1.1152e+00,  2.6500e+01,  ..., -1.0723e+00,
            -1.9062e+01, -1.0781e+00],
           [ 3.7231e-03,  7.5928e-01,  1.4336e+04,  ...,  9.5508e-01,
             5.6885e-02,  9.5850e-01],
           ...,
           [-1.0931e-04,  1.0781e+00,  7.1680e+03,  ...,  9.5801e-01,
             2.2500e+01,  9.9365e-01],
           [ 2.9000e+01,  8.1836e-01, -3.0469e+00,  ..., -9.3750e-01,
             9.0790e-04,  1.0137e+00],
           [ 1.4400e+03, -9.5703e-01,  1.1250e+00,  ...,  1.0527e+00,
             2.9053e-02, -9.4189e-01]],

          [[ 2.2483e-04,  1.0312e+00, -1.6640e+04,  ..., -9.1455e-01,
            -8.3200e+02, -7.1924e-01],
           [ 9.4223e-04,  9.1162e-01, -1.2517e-04,  ..., -9.6045e-01,
             8.7109e-01,  9.6484e-01],
           [-7.7000e+01, -9.9658e-01, -3.6797e+00,  ..., -1.0068e+00,
             9.0027e-03,  1.1035e+00],
           ...,
           [-2.5000e-01,  9.3164e-01, -9.7179e-04,  ...,  1.0713e+00,
             7.1106e-03,  1.1104e+00],
           [ 4.4800e+02, -6.4844e-01,  2.0100e+02,  ...,  8.2422e-01,
            -3.8567e-03,  1.0752e+00],
           [-3.2425e-05,  9.0186e-01,  1.8203e+00,  ...,  1.0361e+00,
            -4.2880e+03,  1.0059e+00]]],


         [[[ 6.7596e-03, -1.0820e+00,  3.6875e+00,  ...,  1.0684e+00,
            -3.6001e-05, -1.0879e+00],
           [-4.5000e+02,  9.6924e-01, -1.1504e+04,  ...,  1.0244e+00,
             1.1100e+02,  8.5107e-01],
           [ 4.5760e+04, -1.1230e+00, -4.6812e+01,  ..., -9.6680e-01,
             3.3560e+03, -1.0439e+00],
           ...,
           [-8.8334e-05, -1.0322e+00, -3.1710e-05,  ..., -8.4961e-01,
            -1.0016e+04,  9.8877e-01],
           [-9.3341e-05,  1.0830e+00, -4.7900e-01,  ...,  8.1689e-01,
             1.8253e-03, -1.1152e+00],
           [-8.3008e-03,  7.4512e-01,  3.5629e-03,  ...,  8.9404e-01,
            -2.9102e-01, -1.0244e+00]],

          [[ 2.9336e+00,  1.1104e+00,  1.2374e-04,  ...,  8.4619e-01,
             2.1484e+00, -1.0889e+00],
           [ 2.3456e+04,  1.0127e+00,  3.3000e+01,  ..., -8.4961e-01,
            -3.3838e-01,  1.0137e+00],
           [-2.5749e-04, -9.3164e-01,  2.2969e+01,  ..., -9.8242e-01,
            -2.3689e-03,  1.0410e+00],
           ...,
           [        nan, -9.5801e-01, -5.9250e+01,  ..., -9.1553e-01,
            -1.1728e+04,  1.0566e+00],
           [-3.4142e-04, -8.8428e-01,  2.1982e-04,  ..., -9.5166e-01,
            -2.9594e+01, -1.0869e+00],
           [-2.6226e-06,  1.0400e+00, -2.3723e-04,  ..., -1.0117e+00,
                    nan, -1.1152e+00]],

          [[-3.3455e-03, -1.1074e+00,  3.4624e+04,  ..., -1.0986e+00,
                    nan, -1.0645e+00],
           [ 4.6700e+02,  1.0771e+00,  3.2959e-03,  ...,  1.0391e+00,
            -1.1492e-04,  9.0674e-01],
           [-9.0027e-04, -1.0049e+00, -4.9800e+02,  ..., -9.4580e-01,
            -2.7266e+00, -1.1113e+00],
           ...,
           [ 6.4700e+02,  1.0068e+00, -1.4000e+02,  ...,  1.0352e+00,
            -7.0572e-05, -1.0273e+00],
           [-3.2720e+03,  9.7852e-01, -9.5375e+01,  ..., -1.0693e+00,
            -7.1840e+03,  1.0420e+00],
           [-9.0625e+00, -1.1113e+00,  7.2266e+00,  ..., -1.1123e+00,
            -6.1951e-03, -1.0371e+00]],

          ...,

          [[ 8.0762e-01, -1.0146e+00,  3.0375e+01,  ..., -4.9438e-01,
            -2.1973e-02, -7.8223e-01],
           [ 2.7885e-03, -1.0635e+00, -2.1440e+03,  ..., -1.0215e+00,
            -4.0817e-04, -9.3848e-01],
           [-3.3300e+02, -1.0420e+00, -1.4200e+03,  ...,  1.0420e+00,
            -7.8678e-04, -1.0723e+00],
           ...,
           [-5.6640e+03,  9.0283e-01, -8.6670e-03,  ..., -1.0938e+00,
             3.7539e+00, -1.1006e+00],
           [-2.0947e-01, -9.9414e-01,  3.5156e-02,  ..., -9.4043e-01,
            -6.6042e-05, -9.5410e-01],
           [ 4.8828e-01, -1.0928e+00, -1.6332e-05,  ..., -9.7119e-01,
             4.5632e+04,  1.0029e+00]],

          [[-4.8960e+03, -1.0039e+00,  7.4531e+00,  ..., -1.0605e+00,
            -1.3590e-04,  9.5752e-01],
           [-3.7888e+04, -7.5488e-01,  2.8748e-02,  ..., -1.0801e+00,
            -2.2202e-03,  1.0674e+00],
           [-2.1386e-04,  1.1045e+00, -2.2500e+01,  ...,  1.0762e+00,
            -2.2312e+01, -9.5459e-01],
           ...,
           [-4.6000e+03,  1.1123e+00, -1.1109e+01,  ...,  9.9561e-01,
            -1.2280e-01,  1.1094e+00],
           [-9.2506e-04, -1.0146e+00, -1.0157e-04,  ..., -9.8340e-01,
            -2.0078e+00, -1.1064e+00],
           [-9.9875e+01, -1.0498e+00, -1.1133e-01,  ...,  1.0996e+00,
             2.9221e-03,  1.1211e+00]],

          [[-6.7250e+01,  1.1230e+00, -2.4156e+01,  ...,  1.0752e+00,
            -8.8867e-01,  1.0830e+00],
           [-3.1250e-02,  6.2695e-01,  3.0441e-03,  ..., -7.3340e-01,
             2.2734e+00,  9.9316e-01],
           [-2.8290e-02,  1.0391e+00,  1.1864e-03,  ..., -9.3848e-01,
             4.1344e+04, -1.0791e+00],
           ...,
           [-2.8961e-02,  1.0518e+00, -9.3359e-01,  ...,  9.8926e-01,
             1.1136e+04,  9.0039e-01],
           [-1.3390e-03, -1.1172e+00,         nan,  ..., -9.4092e-01,
             1.1992e+00,  1.0264e+00],
           [ 1.7800e+03, -9.8242e-01, -2.6800e+02,  ..., -1.0566e+00,
             1.1188e+01,  9.6289e-01]]]],



        [[[[-8.3008e-03, -8.5889e-01, -9.6400e+02,  ...,  1.0322e+00,
                    nan,  8.5400e-01],
           [ 1.6899e-03, -1.0723e+00, -5.0926e-04,  ...,  1.0264e+00,
            -2.2388e-01,  1.0371e+00],
           [-6.9250e+01, -9.5215e-01,  5.3376e+04,  ...,  9.7510e-01,
            -3.1641e-01,  9.4482e-01],
           ...,
           [ 3.8300e-03, -1.0742e+00, -1.2516e+01,  ..., -1.0283e+00,
             5.4550e-03, -1.0781e+00],
           [-2.0180e-03,  1.1201e+00, -7.4744e-05,  ..., -1.0010e+00,
             4.8438e-01, -6.9092e-01],
           [-2.0691e-02, -9.7217e-01, -1.1368e-03,  ..., -9.3799e-01,
            -2.6624e+04, -8.1592e-01]],

          [[-1.0796e-03,  9.7803e-01,  3.9000e+01,  ..., -1.1094e+00,
            -7.0300e+02, -1.0859e+00],
           [-1.3156e+01, -9.4873e-01,  2.4312e+01,  ...,  1.0518e+00,
            -5.0293e-02, -9.9365e-01],
           [ 3.0312e+01,  9.5312e-01,  3.9795e-01,  ..., -9.4727e-01,
             3.3728e+04, -1.0586e+00],
           ...,
           [-3.6163e-03, -9.6729e-01,  2.4048e-02,  ..., -1.0234e+00,
                    nan,  1.1240e+00],
           [-3.2043e-03,  8.5205e-01,  7.3750e+00,  ...,  1.0391e+00,
            -4.3800e+02,  8.9160e-01],
           [ 1.2212e+02, -1.0547e+00, -1.1360e+03,  ...,  1.1230e+00,
             6.7472e-05, -1.0264e+00]],

          [[-3.9531e+00, -9.3457e-01, -2.3926e-01,  ..., -1.0996e+00,
            -1.0360e+03,  1.0527e+00],
           [-1.5840e+04,  1.0713e+00,  7.3760e+03,  ...,  9.4629e-01,
             2.0576e+04, -1.0010e+00],
           [ 2.0538e-02, -1.0635e+00, -1.4282e-01,  ..., -7.4609e-01,
            -2.6093e-02, -1.1113e+00],
           ...,
           [-2.1075e+02,  1.0303e+00,  1.2939e-01,  ..., -9.8730e-01,
            -1.6855e+00, -1.0996e+00],
           [-7.6172e-01,  9.5459e-01, -2.5600e+03,  ...,  8.4717e-01,
             1.3184e-02,  9.6240e-01],
           [-1.8616e-03,  1.0059e+00, -2.5391e-01,  ..., -1.0986e+00,
             6.4850e-04,  8.7744e-01]],

          ...,

          [[-5.7031e+00,  1.0752e+00,  4.2080e+03,  ..., -1.0820e+00,
             7.6294e-05, -6.5723e-01],
           [ 9.8145e-02, -1.0898e+00,  2.4681e-03,  ...,  1.1025e+00,
            -6.8848e-02, -1.0801e+00],
           [-3.1471e-05,  8.2324e-01, -2.6406e+00,  ..., -1.0518e+00,
            -7.5722e-04,  9.3945e-01],
           ...,
           [-5.2246e-02,  1.0615e+00,  2.8160e+03,  ..., -9.9170e-01,
            -2.3556e-04,  8.8232e-01],
           [ 8.8867e-02, -9.6045e-01, -5.4932e-04,  ..., -9.8145e-01,
             4.3869e-05, -8.3398e-01],
           [-3.0823e-03,  8.4570e-01,  2.6400e+02,  ...,  1.0889e+00,
             5.8960e-02,  9.7949e-01]],

          [[-4.0820e-01,  1.1172e+00,  5.3750e+00,  ..., -1.0938e+00,
             1.4067e-05, -9.8730e-01],
           [ 3.7842e-03,  1.0254e+00, -7.3318e-03,  ..., -1.0947e+00,
             2.2125e-04, -9.5996e-01],
           [ 1.9744e+04, -1.0068e+00, -9.9400e+02,  ..., -1.1182e+00,
             1.3594e+00, -8.4229e-01],
           ...,
           [-9.5129e-05,  9.5703e-01, -7.7280e+03,  ..., -6.8896e-01,
             3.0048e+04,  1.0391e+00],
           [-8.4900e+02,  1.0566e+00, -5.3000e+02,  ..., -9.8096e-01,
             4.6253e-05,  9.5996e-01],
           [ 1.1597e-03,  8.1885e-01, -7.2400e+02,  ...,  1.0225e+00,
             2.4561e-01,  1.0391e+00]],

          [[ 5.2864e+04, -9.8438e-01,  3.8300e+02,  ...,  9.0869e-01,
             3.0000e+01,  7.2949e-01],
           [ 4.9805e-02, -1.0195e+00, -4.4688e+00,  ...,  8.7549e-01,
            -2.6250e+00,  7.8711e-01],
           [-1.0034e-01, -1.1201e+00, -2.7466e-04,  ..., -1.0645e+00,
                    nan,  1.0869e+00],
           ...,
           [ 1.5454e-01,  1.0518e+00, -1.1900e+03,  ...,  1.0771e+00,
            -3.8200e+02, -1.0400e+00],
           [-1.7246e+00,  1.1133e+00,  1.8880e+03,  ..., -1.0693e+00,
             1.1312e+01, -1.0479e+00],
           [-4.8280e-05, -1.0742e+00,  4.8800e+02,  ..., -1.0264e+00,
            -3.6352e+04,  1.0049e+00]]],


         [[[ 4.7104e+04,  9.3750e-01, -3.6716e-04,  ..., -1.1064e+00,
             3.7689e-03,  1.0791e+00],
           [ 1.3125e+01, -9.2725e-01,         nan,  ..., -1.1006e+00,
            -1.0359e-04, -1.0352e+00],
           [ 1.1206e-01,  1.0820e+00,  6.1812e+01,  ..., -1.1074e+00,
             6.5408e+04,  9.5947e-01],
           ...,
           [-1.2109e+00, -9.7900e-01, -3.3760e+03,  ...,  9.0332e-01,
             8.6000e+02, -9.6387e-01],
           [ 9.2344e+00,  1.0186e+00,  1.2305e-01,  ..., -1.0459e+00,
             6.7031e+00, -9.5703e-01],
           [ 1.5568e+04,  1.0830e+00, -1.8640e+03,  ...,  1.0283e+00,
            -1.0712e-02,  1.0234e+00]],

          [[ 7.0160e+03,  1.0195e+00,  5.0480e+03,  ...,  8.9160e-01,
            -4.1000e+02,  9.8193e-01],
           [ 5.0000e+00, -8.3643e-01,  9.6440e-05,  ...,  1.0859e+00,
             1.1362e+02, -1.0254e+00],
           [ 8.8379e-02,  8.7988e-01,  1.4120e+03,  ..., -9.7021e-01,
            -1.7262e-04,  1.0615e+00],
           ...,
           [ 7.2656e-01,  8.7695e-01,  3.6743e-02,  ..., -8.7061e-01,
            -2.6417e-04,  1.0898e+00],
           [ 7.6406e+00, -9.9561e-01, -1.5734e+01,  ..., -9.5215e-01,
            -2.1240e-02, -9.8730e-01],
           [ 3.7200e+02,  1.0938e+00, -1.9760e-03,  ..., -1.1191e+00,
             9.6130e-04, -9.9170e-01]],

          [[ 1.3275e-03, -8.8623e-01, -1.7020e+03,  ..., -8.9893e-01,
             1.7238e-04,  1.0498e+00],
           [ 5.3223e-02, -9.3799e-01,  5.8496e+04,  ..., -8.6377e-01,
             5.5027e-04,  1.1143e+00],
           [-2.2461e-02,  1.0908e+00, -2.8736e+04,  ..., -7.4512e-01,
             2.7537e-05, -1.0010e+00],
           ...,
           [-5.6744e-05, -1.0322e+00,  5.2608e+04,  ..., -9.6729e-01,
             9.6800e+02, -1.0459e+00],
           [ 2.5757e-02, -9.3213e-01,  7.8000e+02,  ...,  1.0547e+00,
            -3.8000e+01,  9.2773e-01],
           [-1.0562e+01,  9.1406e-01, -2.3079e-04,  ...,  5.2783e-01,
            -1.2476e-01,  1.1240e+00]],

          ...,

          [[ 1.6240e+03,  9.8682e-01,  1.5488e-03,  ..., -9.0820e-01,
             1.5920e+03, -9.8926e-01],
           [ 3.7109e-02, -1.0244e+00, -3.1450e+02,  ...,  1.0303e+00,
             5.1941e-02,  1.0391e+00],
           [ 4.1992e-02, -9.5898e-01, -3.2320e+03,  ..., -9.3799e-01,
             3.8500e+02,  1.0215e+00],
           ...,
           [-3.9360e+03, -9.8730e-01, -5.2480e+03,  ...,  1.0371e+00,
             2.2062e+01, -1.0039e+00],
           [-3.4809e-05, -1.0342e+00,  9.9500e+01,  ..., -8.7842e-01,
            -5.1520e+03, -9.7656e-01],
           [-6.7500e+00, -7.8418e-01, -8.9125e+01,  ..., -1.0020e+00,
             2.7550e+02,  1.0566e+00]],

          [[ 1.1000e+03, -9.6484e-01, -1.4258e+00,  ..., -8.8525e-01,
             4.8080e+03,  1.0195e+00],
           [ 3.6133e-02, -1.0635e+00,  1.7472e+04,  ..., -7.9443e-01,
             2.3825e+02, -1.0273e+00],
           [-2.5920e+03, -8.5986e-01, -1.8312e+01,  ...,  9.6582e-01,
            -1.6823e-03, -1.1025e+00],
           ...,
           [ 4.6875e+00,  1.0469e+00, -2.5475e+02,  ...,  9.6875e-01,
            -1.4343e-03, -8.2520e-01],
           [ 9.0750e+01,  9.9854e-01, -9.4414e-05,  ...,  1.0322e+00,
             1.2440e+03,  1.1025e+00],
           [ 7.7963e-05, -9.6729e-01, -1.0166e-03,  ..., -9.4434e-01,
             1.8812e+01, -1.0049e+00]],

          [[-2.8027e-01, -1.0215e+00,  9.7504e-03,  ...,  1.0342e+00,
             8.5156e-01, -1.0586e+00],
           [ 6.7969e-01,  8.7061e-01,  1.6162e-01,  ..., -9.4775e-01,
            -1.7969e+01, -1.0381e+00],
           [ 5.0098e-01,  1.0283e+00,  6.5231e-04,  ...,  1.0420e+00,
             4.4629e-01, -1.1123e+00],
           ...,
           [ 3.4790e-03,  8.0957e-01, -1.0240e+04,  ..., -1.1133e+00,
            -1.9863e+00, -1.0723e+00],
           [ 5.7983e-03, -1.0957e+00,  1.0812e+01,  ..., -1.0664e+00,
             9.1211e-01, -9.9658e-01],
           [ 3.6697e-03,  9.3848e-01,  4.0250e+01,  ...,  9.0479e-01,
            -1.8912e+04,  1.1006e+00]]]],



        [[[[-6.1504e+04,  1.1191e+00, -7.7200e+02,  ...,  1.0791e+00,
            -1.5424e+04, -1.0254e+00],
           [ 1.9073e-05, -1.0918e+00,  9.5606e-05,  ...,  1.0771e+00,
            -1.8262e-01,  9.9561e-01],
           [ 1.5078e+00, -9.6045e-01,  8.9844e-02,  ...,  1.0527e+00,
            -1.6000e+03, -7.4951e-01],
           ...,
           [-1.2073e-01, -1.0420e+00,  6.1035e-05,  ..., -9.6533e-01,
             3.5000e-04,  9.9756e-01],
           [-1.1562e+00, -1.0352e+00,  4.9000e+02,  ..., -1.0537e+00,
             2.9250e+02,  1.1221e+00],
           [ 1.6400e+02, -1.1211e+00,  4.8828e-04,  ..., -1.0938e+00,
            -1.4453e+00, -1.1221e+00]],

          [[-1.5650e+02,  1.1191e+00, -3.1158e-02,  ...,  9.9316e-01,
             1.4844e+00, -1.0781e+00],
           [ 4.0527e-02,  8.2910e-01, -1.7163e-01,  ...,  9.2529e-01,
             1.0884e-04,  1.0361e+00],
           [-3.8125e+01,  1.0303e+00,  9.5215e-03,  ..., -1.1172e+00,
            -2.5797e-04, -1.0684e+00],
           ...,
           [ 1.0612e+02,  1.0791e+00,  6.3625e+01,  ..., -9.2578e-01,
            -4.2496e+04,  9.3896e-01],
           [ 7.3853e-03, -1.0811e+00,  6.0791e-02,  ..., -1.0801e+00,
            -1.2589e-03,  1.0137e+00],
           [ 6.1133e-01,  9.9658e-01, -3.5763e-07,  ..., -9.9219e-01,
             1.9360e-04, -1.0557e+00]],

          [[-4.6094e-01,  9.7070e-01, -5.8200e+02,  ..., -1.0889e+00,
             3.2064e+04,  1.0381e+00],
           [-2.0416e+04, -1.0322e+00, -5.0625e+00,  ...,  9.9951e-01,
            -8.6000e+01,  8.6230e-01],
           [ 7.9883e-01, -1.0527e+00, -3.2000e+02,  ..., -9.4775e-01,
             6.3000e+01,  8.3496e-01],
           ...,
           [ 2.1632e+04,  9.6924e-01, -1.6693e-02,  ...,  7.7246e-01,
             2.8687e-02,  9.2822e-01],
           [-8.6719e-01,  1.0635e+00, -1.0205e-01,  ...,  8.7988e-01,
            -7.2556e-03,  1.0889e+00],
           [ 2.2250e+01,  1.1016e+00,  3.4752e-03,  ..., -1.0332e+00,
             8.8500e+01, -9.8242e-01]],

          ...,

          [[ 2.2875e+01, -8.8037e-01, -3.1712e+04,  ...,  1.1162e+00,
                    nan,  9.4824e-01],
           [-1.2975e+02, -1.0947e+00, -1.6640e+03,  ..., -8.3496e-01,
             5.8368e+04, -9.0283e-01],
           [ 3.8086e-01, -8.8135e-01, -2.0224e+04,  ..., -1.0303e+00,
            -8.7750e+01,  9.4873e-01],
           ...,
           [        nan, -1.0459e+00,  1.2329e-01,  ..., -1.0928e+00,
            -1.9189e-01, -1.0166e+00],
           [ 2.4600e+02, -9.5312e-01, -2.0375e+01,  ..., -1.0986e+00,
             3.3496e-01, -9.9707e-01],
           [-3.5547e-01, -9.6240e-01,  2.6875e+00,  ...,  1.0068e+00,
            -8.6000e+02,  9.3066e-01]],

          [[ 4.3701e-02, -1.0107e+00, -5.3955e-02,  ..., -1.0234e+00,
             2.4576e+04, -6.1182e-01],
           [ 1.0176e+04,  1.0645e+00,  9.5844e-05,  ..., -9.6094e-01,
            -3.7384e-04, -1.1152e+00],
           [-7.4585e-02,  1.0166e+00, -1.7920e+03,  ..., -9.9121e-01,
            -2.9812e+01, -1.0166e+00],
           ...,
           [ 4.1016e-01, -8.5791e-01, -9.2656e+00,  ...,  1.0615e+00,
            -4.2267e-03, -1.0293e+00],
           [ 4.0840e+03,  1.1201e+00,  1.7428e-04,  ...,  7.2559e-01,
             1.3184e+04, -8.9795e-01],
           [ 1.8000e+01, -7.6465e-01, -1.6846e-02,  ..., -1.0312e+00,
             9.5625e+00,  1.0859e+00]],

          [[ 4.9600e+02,  7.7832e-01,  1.4750e+01,  ..., -8.8184e-01,
             1.7967e-03,  1.0049e+00],
           [ 5.4688e-02,  9.5459e-01,  3.9650e+02,  ...,  9.5850e-01,
             2.6094e+01,  1.0908e+00],
           [ 1.3440e+04, -1.0850e+00,  1.9648e+00,  ...,  9.7949e-01,
             9.9000e+01, -9.8193e-01],
           ...,
           [-1.4368e+04, -1.0488e+00,  1.0834e-02,  ..., -9.9463e-01,
            -2.8608e+04, -1.0996e+00],
           [ 8.1125e+01, -1.1191e+00,  2.4128e+04,  ..., -1.0469e+00,
                    nan, -1.0195e+00],
           [-1.0450e+02,  1.0605e+00, -2.5625e+00,  ...,  1.0410e+00,
             1.9560e+03, -1.0615e+00]]],


         [[[-5.6800e+03,  9.9561e-01,  5.8937e-04,  ..., -9.0283e-01,
            -2.9373e-04,  8.1543e-01],
           [-1.4697e-01,  1.1133e+00,  1.5250e+01,  ...,  1.0508e+00,
            -6.0156e+00, -9.9609e-01],
           [ 2.4281e+01, -1.0098e+00, -1.7500e+00,  ...,  1.0947e+00,
             1.6356e-04,  9.6143e-01],
           ...,
           [ 4.2500e+00,  8.7158e-01,  6.6376e-03,  ...,  1.0713e+00,
            -1.9707e+00, -1.0303e+00],
           [-4.3506e-01,  1.0820e+00, -4.9000e+01,  ..., -1.0615e+00,
             6.2812e+00,  9.8438e-01],
           [-2.5880e+03, -1.0410e+00,  7.6500e+01,  ..., -9.1895e-01,
             5.0068e-05,  9.0576e-01]],

          [[-2.0981e-05,  8.1201e-01, -2.4986e-04,  ..., -8.9209e-01,
             2.9200e+02,  1.0166e+00],
           [ 5.9360e+03, -1.0352e+00, -5.5500e+01,  ..., -8.8330e-01,
             1.9850e+02,  1.0059e+00],
           [ 2.1408e+04,  1.0381e+00,  3.8280e+03,  ..., -8.6963e-01,
            -7.0117e-01,  1.0547e+00],
           ...,
           [ 5.8560e+04, -1.0762e+00,  3.6320e+03,  ..., -9.6631e-01,
             2.6172e+00, -1.0400e+00],
           [-2.5175e+02,  1.0732e+00,         nan,  ..., -8.3203e-01,
            -8.8573e-05,  1.0166e+00],
           [-6.9809e-04,  9.2041e-01,  4.1199e-04,  ..., -1.0850e+00,
             5.6000e+01, -8.8672e-01]],

          [[ 5.5313e-03,  1.0762e+00,  1.0080e+03,  ...,  9.2578e-01,
            -9.6512e-04,  9.6533e-01],
           [-3.6163e-03, -9.3945e-01,  9.6321e-05,  ...,  1.0713e+00,
             1.1500e+01, -8.1934e-01],
           [-9.5700e+02, -1.0420e+00, -6.5234e-01,  ...,  1.0332e+00,
            -1.6780e+03, -1.0195e+00],
           ...,
           [-3.4729e-02, -1.0742e+00, -1.0239e-02,  ..., -9.5410e-01,
             3.0469e-01, -1.0537e+00],
           [-1.1000e+01,  9.3750e-01, -1.2538e+02,  ..., -1.0498e+00,
            -2.9250e+01, -1.0996e+00],
           [-4.9920e+03,  8.2715e-01,  9.6500e+01,  ...,  1.0625e+00,
             1.7920e+03, -9.9854e-01]],

          ...,

          [[-4.3072e+04,  1.0020e+00,  1.9480e+03,  ..., -1.0732e+00,
            -4.3520e+03, -9.2383e-01],
           [-9.5312e+00, -1.1221e+00,  1.8787e-04,  ..., -1.0156e+00,
             2.4688e+00, -9.1211e-01],
           [ 3.6120e+03, -1.0205e+00,  1.4594e+01,  ..., -1.1045e+00,
             3.0800e+02, -9.1406e-01],
           ...,
           [-1.4648e-03, -8.5889e-01,  4.3400e+02,  ..., -8.2324e-01,
             2.3594e+00, -9.8975e-01],
           [ 3.5000e+02,  9.2627e-01, -1.3237e-03,  ...,  1.0352e+00,
             3.7003e-04,  8.2080e-01],
           [-1.4229e-03, -1.0645e+00, -3.5400e+02,  ..., -9.3213e-01,
             3.5781e+00,  9.5557e-01]],

          [[ 2.4875e+01,  8.9941e-01, -7.3750e+00,  ...,  1.1035e+00,
             8.3281e+00,  1.1025e+00],
           [ 5.0234e+00,  1.0605e+00, -5.8651e-05,  ..., -8.3594e-01,
             2.9696e+04,  9.1064e-01],
           [ 6.9760e+03,  1.1221e+00, -5.4455e-04,  ...,  1.0156e+00,
             5.0125e-03,  1.0840e+00],
           ...,
           [        nan, -9.4287e-01, -2.5101e-03,  ...,  6.1963e-01,
            -1.1888e+02,  1.0127e+00],
           [ 9.0039e-01, -1.0889e+00,  2.1286e-03,  ...,  1.0811e+00,
            -2.5760e+04, -1.1123e+00],
           [-5.5400e+02,  1.0010e+00, -4.5508e-01,  ...,  9.8828e-01,
             2.8640e+03, -9.7363e-01]],

          [[        nan,  9.0186e-01,  1.1673e-02,  ...,  1.0586e+00,
            -1.0908e-04,  1.0117e+00],
           [-4.9609e+00, -1.0645e+00, -8.5938e-01,  ..., -8.4961e-01,
                    nan, -1.0889e+00],
           [        nan,  1.0732e+00,  4.4287e-01,  ...,  8.9307e-01,
            -6.3599e-02, -1.0566e+00],
           ...,
           [ 8.0640e+03, -9.9414e-01, -1.0996e+00,  ..., -7.8613e-01,
            -1.6680e+00, -1.0381e+00],
           [-2.7557e-02, -1.0293e+00,  4.9000e+01,  ..., -1.0703e+00,
             1.1361e-04,  1.0283e+00],
           [ 5.2929e-05, -9.2920e-01,  9.2773e-01,  ..., -9.9512e-01,
             1.2755e-04, -1.0723e+00]]]]], device='cuda:0',
       dtype=torch.float16), None, None, 16, 63, 1.0, 10000.0
